<?xml version="1.0" encoding="UTF-8"?>
<coverage generated="1598718460092" clover="3.2.0">
  <project timestamp="1598718460092" name="All files">
    <metrics statements="21" coveredstatements="17" conditionals="12" coveredconditionals="9" methods="4" coveredmethods="3" elements="37" coveredelements="29" complexity="0" loc="21" ncloc="21" packages="1" files="4" classes="4"/>
    <file name="add-refresh-token-to-body.js" path="/Users/pankaj/Work/apollo-link-jwt/lib/add-refresh-token-to-body.js">
      <metrics statements="5" coveredstatements="5" conditionals="2" coveredconditionals="1" methods="1" coveredmethods="1"/>
      <line num="4" count="1" type="stmt"/>
      <line num="5" count="1" type="stmt"/>
      <line num="8" count="1" type="cond" truecount="1" falsecount="1"/>
      <line num="13" count="1" type="stmt"/>
      <line num="15" count="1" type="stmt"/>
    </file>
    <file name="fetch-data.js" path="/Users/pankaj/Work/apollo-link-jwt/lib/fetch-data.js">
      <metrics statements="5" coveredstatements="1" conditionals="0" coveredconditionals="0" methods="1" coveredmethods="0"/>
      <line num="1" count="1" type="stmt"/>
      <line num="2" count="0" type="stmt"/>
      <line num="3" count="0" type="stmt"/>
      <line num="10" count="0" type="stmt"/>
      <line num="12" count="0" type="stmt"/>
    </file>
    <file name="get-default-fetch-headers.js" path="/Users/pankaj/Work/apollo-link-jwt/lib/get-default-fetch-headers.js">
      <metrics statements="3" coveredstatements="3" conditionals="2" coveredconditionals="2" methods="1" coveredmethods="1"/>
      <line num="4" count="1" type="stmt"/>
      <line num="5" count="2" type="cond" truecount="2" falsecount="0"/>
      <line num="8" count="1" type="stmt"/>
    </file>
    <file name="is-jwt-expired.js" path="/Users/pankaj/Work/apollo-link-jwt/lib/is-jwt-expired.js">
      <metrics statements="8" coveredstatements="8" conditionals="8" coveredconditionals="6" methods="1" coveredmethods="1"/>
      <line num="7" count="1" type="stmt"/>
      <line num="8" count="3" type="cond" truecount="4" falsecount="0"/>
      <line num="10" count="1" type="stmt"/>
      <line num="12" count="1" type="stmt"/>
      <line num="13" count="1" type="cond" truecount="1" falsecount="1"/>
      <line num="15" count="1" type="stmt"/>
      <line num="16" count="1" type="cond" truecount="1" falsecount="1"/>
      <line num="18" count="1" type="stmt"/>
    </file>
  </project>
</coverage>
